<?xml version="1.0" encoding="UTF-8" ?>
<testsuite tests="5" failures="0" name="ExerciseManagementTest" time="0.002" errors="0" skipped="0">
  <properties>
[...]
</properties>
  <testcase classname="ExerciseManagementTest" name="exerciseCanBeMarkedAsCompleted" time="0.002"/>
  <testcase classname="ExerciseManagementTest" name="exerciseListEmptyAtBeginning" time="0"/>
  <testcase classname="ExerciseManagementTest" name="addingExerciseGrowsListByOne" time="0"/>
  <testcase classname="ExerciseManagementTest" name="addedExerciseIsInList" time="0"/>
  <testcase classname="ExerciseManagementTest" name="ifNotMarkedCompletedIsNotCompleted" time="0"/>
</testsuite>